<html>
<head>
<title>TestNG:  Test</title>
<link href="../testng.css" rel="stylesheet" type="text/css" />
<link href="../my-testng.css" rel="stylesheet" type="text/css" />

<style type="text/css">
.log { display: none;} 
.stack-trace { display: none;} 
</style>
<script type="text/javascript">
<!--
function flip(e) {
  current = e.style.display;
  if (current == 'block') {
    e.style.display = 'none';
    return 0;
  }
  else {
    e.style.display = 'block';
    return 1;
  }
}

function toggleBox(szDivId, elem, msg1, msg2)
{
  var res = -1;  if (document.getElementById) {
    res = flip(document.getElementById(szDivId));
  }
  else if (document.all) {
    // this is the way old msie versions work
    res = flip(document.all[szDivId]);
  }
  if(elem) {
    if(res == 0) elem.innerHTML = msg1; else elem.innerHTML = msg2;
  }

}

function toggleAllBoxes() {
  if (document.getElementsByTagName) {
    d = document.getElementsByTagName('div');
    for (i = 0; i < d.length; i++) {
      if (d[i].className == 'log') {
        flip(d[i]);
      }
    }
  }
}

// -->
</script>

</head>
<body>
<h2 align='center'>Test</h2><table border='1' align="center">
<tr>
<td>Tests passed/Failed/Skipped:</td><td>23/4/0</td>
</tr><tr>
<td>Started on:</td><td>Fri Dec 20 07:09:22 IST 2024</td>
</tr>
<tr><td>Total time:</td><td>124 seconds (124647 ms)</td>
</tr><tr>
<td>Included groups:</td><td></td>
</tr><tr>
<td>Excluded groups:</td><td></td>
</tr>
</table><p/>
<small><i>(Hover the method name to see the test class name)</i></small><p/>
<table width='100%' border='1' class='invocation-failed'>
<tr><td colspan='4' align='center'><b>FAILED TESTS</b></td></tr>
<tr><td><b>Test method</b></td>
<td><b>Attribute(s)</b></td>
<td width="30%"><b>Exception</b></td>
<td width="10%"><b>Time (seconds)</b></td>
<td><b>Instance</b></td>
</tr>
<tr>
<td title='hrmsProject.mavenProject1.TimesheetTest.addTask()'><b>addTask</b><br>Test class: hrmsProject.mavenProject1.TimesheetTest</td>
<td><div><pre>org.openqa.selenium.TimeoutException: Expected condition failed: waiting for element to be clickable: [[ChromeDriver: chrome on windows (338bc7fc359a7ee4d5075bd63f6eb92e)] -&gt; xpath: //button[@class=&apos;col-auto fs-14 font-weight-600 btn-add-task ps-0 pe-0&apos;]] (tried for 10 second(s) with 500 milliseconds interval)
Build info: version: &apos;4.14.1&apos;, revision: &apos;03f8ede370&apos;
System info: os.name: &apos;Windows 11&apos;, os.arch: &apos;amd64&apos;, os.version: &apos;10.0&apos;, java.version: &apos;23.0.1&apos;
Driver info: org.openqa.selenium.chrome.ChromeDriver
Capabilities {acceptInsecureCerts: false, browserName: chrome, browserVersion: 131.0.6778.140, chrome: {chromedriverVersion: 131.0.6778.204 (52183f9e99a..., userDataDir: C:\Users\HP\AppData\Local\T...}, fedcm:accounts: true, goog:chromeOptions: {debuggerAddress: localhost:50538}, networkConnectionEnabled: false, pageLoadStrategy: normal, platformName: windows, proxy: Proxy(), se:cdp: ws://localhost:50538/devtoo..., se:cdpVersion: 131.0.6778.140, setWindowRect: true, strictFileInteractability: false, timeouts: {implicit: 0, pageLoad: 300000, script: 30000}, unhandledPromptBehavior: dismiss and notify, webauthn:extension:credBlob: true, webauthn:extension:largeBlob: true, webauthn:extension:minPinLength: true, webauthn:extension:prf: true, webauthn:virtualAuthenticators: true}
Session ID: 338bc7fc359a7ee4d5075bd63f6eb92e
	at org.openqa.selenium.support.ui.WebDriverWait.timeoutException(WebDriverWait.java:84)
	at org.openqa.selenium.support.ui.FluentWait.until(FluentWait.java:230)
	at locators.pages.TimesheetLocators.clickAddTask(TimesheetLocators.java:155)
	at hrmsProject.mavenProject1.TimesheetTest.addTask(TimesheetTest.java:91)
	at java.base/java.util.ArrayList.forEach(ArrayList.java:1597)
... Removed 25 stack frames</pre></div><a href='#' onClick='toggleBox("stack-trace680466239", this, "Click to show all stack frames", "Click to hide stack frames")'>Click to show all stack frames</a>
<div class='stack-trace' id='stack-trace680466239'><pre>org.openqa.selenium.TimeoutException: Expected condition failed: waiting for element to be clickable: [[ChromeDriver: chrome on windows (338bc7fc359a7ee4d5075bd63f6eb92e)] -&gt; xpath: //button[@class=&apos;col-auto fs-14 font-weight-600 btn-add-task ps-0 pe-0&apos;]] (tried for 10 second(s) with 500 milliseconds interval)
Build info: version: &apos;4.14.1&apos;, revision: &apos;03f8ede370&apos;
System info: os.name: &apos;Windows 11&apos;, os.arch: &apos;amd64&apos;, os.version: &apos;10.0&apos;, java.version: &apos;23.0.1&apos;
Driver info: org.openqa.selenium.chrome.ChromeDriver
Capabilities {acceptInsecureCerts: false, browserName: chrome, browserVersion: 131.0.6778.140, chrome: {chromedriverVersion: 131.0.6778.204 (52183f9e99a..., userDataDir: C:\Users\HP\AppData\Local\T...}, fedcm:accounts: true, goog:chromeOptions: {debuggerAddress: localhost:50538}, networkConnectionEnabled: false, pageLoadStrategy: normal, platformName: windows, proxy: Proxy(), se:cdp: ws://localhost:50538/devtoo..., se:cdpVersion: 131.0.6778.140, setWindowRect: true, strictFileInteractability: false, timeouts: {implicit: 0, pageLoad: 300000, script: 30000}, unhandledPromptBehavior: dismiss and notify, webauthn:extension:credBlob: true, webauthn:extension:largeBlob: true, webauthn:extension:minPinLength: true, webauthn:extension:prf: true, webauthn:virtualAuthenticators: true}
Session ID: 338bc7fc359a7ee4d5075bd63f6eb92e
	at org.openqa.selenium.support.ui.WebDriverWait.timeoutException(WebDriverWait.java:84)
	at org.openqa.selenium.support.ui.FluentWait.until(FluentWait.java:230)
	at locators.pages.TimesheetLocators.clickAddTask(TimesheetLocators.java:155)
	at hrmsProject.mavenProject1.TimesheetTest.addTask(TimesheetTest.java:91)
	at java.base/jdk.internal.reflect.DirectMethodHandleAccessor.invoke(DirectMethodHandleAccessor.java:103)
	at java.base/java.lang.reflect.Method.invoke(Method.java:580)
	at org.testng.internal.invokers.MethodInvocationHelper.invokeMethod(MethodInvocationHelper.java:141)
	at org.testng.internal.invokers.TestInvoker.invokeMethod(TestInvoker.java:686)
	at org.testng.internal.invokers.TestInvoker.invokeTestMethod(TestInvoker.java:230)
	at org.testng.internal.invokers.MethodRunner.runInSequence(MethodRunner.java:63)
	at org.testng.internal.invokers.TestInvoker$MethodInvocationAgent.invoke(TestInvoker.java:992)
	at org.testng.internal.invokers.TestInvoker.invokeTestMethods(TestInvoker.java:203)
	at org.testng.internal.invokers.TestMethodWorker.invokeTestMethods(TestMethodWorker.java:154)
	at org.testng.internal.invokers.TestMethodWorker.run(TestMethodWorker.java:134)
	at java.base/java.util.ArrayList.forEach(ArrayList.java:1597)
	at org.testng.TestRunner.privateRun(TestRunner.java:739)
	at org.testng.TestRunner.run(TestRunner.java:614)
	at org.testng.SuiteRunner.runTest(SuiteRunner.java:421)
	at org.testng.SuiteRunner.runSequentially(SuiteRunner.java:413)
	at org.testng.SuiteRunner.privateRun(SuiteRunner.java:373)
	at org.testng.SuiteRunner.run(SuiteRunner.java:312)
	at org.testng.SuiteRunnerWorker.runSuite(SuiteRunnerWorker.java:52)
	at org.testng.SuiteRunnerWorker.run(SuiteRunnerWorker.java:95)
	at org.testng.TestNG.runSuitesSequentially(TestNG.java:1274)
	at org.testng.TestNG.runSuitesLocally(TestNG.java:1208)
	at org.testng.TestNG.runSuites(TestNG.java:1112)
	at org.testng.TestNG.run(TestNG.java:1079)
	at org.testng.remote.AbstractRemoteTestNG.run(AbstractRemoteTestNG.java:115)
	at org.testng.remote.RemoteTestNG.initAndRun(RemoteTestNG.java:293)
	at org.testng.remote.RemoteTestNG.main(RemoteTestNG.java:91)
</pre></div></td>
<td>10</td>
<td>hrmsProject.mavenProject1.TimesheetTest@6913c1fb</td></tr>
<tr>
<td title='hrmsProject.mavenProject1.TimesheetTest.weeklyToggle()'><b>weeklyToggle</b><br>Test class: hrmsProject.mavenProject1.TimesheetTest</td>
<td><div><pre>org.openqa.selenium.ElementClickInterceptedException: element click intercepted: Element &lt;a href=&quot;javascript:void(0)&quot; class=&quot;col-auto fs-12 font-weight-500 btn-today btn-timesheet&quot; data-tp=&quot;dailyTimesheet&quot;&gt;...&lt;/a&gt; is not clickable at point (986, 118). Other element would receive the click: &lt;div id=&quot;preloader_custom&quot;&gt;...&lt;/div&gt;
  (Session info: chrome=131.0.6778.140)
Build info: version: &apos;4.14.1&apos;, revision: &apos;03f8ede370&apos;
System info: os.name: &apos;Windows 11&apos;, os.arch: &apos;amd64&apos;, os.version: &apos;10.0&apos;, java.version: &apos;23.0.1&apos;
Driver info: org.openqa.selenium.chrome.ChromeDriver
Command: [338bc7fc359a7ee4d5075bd63f6eb92e, clickElement {id=f.F4B4D3151882CFBE9F66E221CD7C63A8.d.A8DD3650B4E0449BC1E65A23BF9FA9CA.e.12311}]
Capabilities {acceptInsecureCerts: false, browserName: chrome, browserVersion: 131.0.6778.140, chrome: {chromedriverVersion: 131.0.6778.204 (52183f9e99a..., userDataDir: C:\Users\HP\AppData\Local\T...}, fedcm:accounts: true, goog:chromeOptions: {debuggerAddress: localhost:50538}, networkConnectionEnabled: false, pageLoadStrategy: normal, platformName: windows, proxy: Proxy(), se:cdp: ws://localhost:50538/devtoo..., se:cdpVersion: 131.0.6778.140, setWindowRect: true, strictFileInteractability: false, timeouts: {implicit: 0, pageLoad: 300000, script: 30000}, unhandledPromptBehavior: dismiss and notify, webauthn:extension:credBlob: true, webauthn:extension:largeBlob: true, webauthn:extension:minPinLength: true, webauthn:extension:prf: true, webauthn:virtualAuthenticators: true}
Element: [[ChromeDriver: chrome on windows (338bc7fc359a7ee4d5075bd63f6eb92e)] -&gt; xpath: //a[@data-tp=&apos;dailyTimesheet&apos;]]
Session ID: 338bc7fc359a7ee4d5075bd63f6eb92e
	at org.openqa.selenium.remote.codec.w3c.W3CHttpResponseCodec.createException(W3CHttpResponseCodec.java:200)
	at org.openqa.selenium.remote.codec.w3c.W3CHttpResponseCodec.decode(W3CHttpResponseCodec.java:133)
	at org.openqa.selenium.remote.codec.w3c.W3CHttpResponseCodec.decode(W3CHttpResponseCodec.java:52)
	at org.openqa.selenium.remote.HttpCommandExecutor.execute(HttpCommandExecutor.java:191)
	at org.openqa.selenium.remote.service.DriverCommandExecutor.invokeExecute(DriverCommandExecutor.java:200)
	at org.openqa.selenium.remote.service.DriverCommandExecutor.execute(DriverCommandExecutor.java:175)
	at org.openqa.selenium.remote.RemoteWebDriver.execute(RemoteWebDriver.java:602)
	at org.openqa.selenium.remote.RemoteWebElement.execute(RemoteWebElement.java:224)
	at org.openqa.selenium.remote.RemoteWebElement.click(RemoteWebElement.java:77)
	at org.openqa.selenium.support.pagefactory.internal.LocatingElementHandler.invoke(LocatingElementHandler.java:51)
	at jdk.proxy2/jdk.proxy2.$Proxy13.click(Unknown Source)
	at locators.pages.TimesheetLocators.clickTodayToggle(TimesheetLocators.java:124)
	at hrmsProject.mavenProject1.TimesheetTest.weeklyToggle(TimesheetTest.java:66)
	at java.base/java.util.ArrayList.forEach(ArrayList.java:1597)
... Removed 30 stack frames</pre></div><a href='#' onClick='toggleBox("stack-trace1891673045", this, "Click to show all stack frames", "Click to hide stack frames")'>Click to show all stack frames</a>
<div class='stack-trace' id='stack-trace1891673045'><pre>org.openqa.selenium.ElementClickInterceptedException: element click intercepted: Element &lt;a href=&quot;javascript:void(0)&quot; class=&quot;col-auto fs-12 font-weight-500 btn-today btn-timesheet&quot; data-tp=&quot;dailyTimesheet&quot;&gt;...&lt;/a&gt; is not clickable at point (986, 118). Other element would receive the click: &lt;div id=&quot;preloader_custom&quot;&gt;...&lt;/div&gt;
  (Session info: chrome=131.0.6778.140)
Build info: version: &apos;4.14.1&apos;, revision: &apos;03f8ede370&apos;
System info: os.name: &apos;Windows 11&apos;, os.arch: &apos;amd64&apos;, os.version: &apos;10.0&apos;, java.version: &apos;23.0.1&apos;
Driver info: org.openqa.selenium.chrome.ChromeDriver
Command: [338bc7fc359a7ee4d5075bd63f6eb92e, clickElement {id=f.F4B4D3151882CFBE9F66E221CD7C63A8.d.A8DD3650B4E0449BC1E65A23BF9FA9CA.e.12311}]
Capabilities {acceptInsecureCerts: false, browserName: chrome, browserVersion: 131.0.6778.140, chrome: {chromedriverVersion: 131.0.6778.204 (52183f9e99a..., userDataDir: C:\Users\HP\AppData\Local\T...}, fedcm:accounts: true, goog:chromeOptions: {debuggerAddress: localhost:50538}, networkConnectionEnabled: false, pageLoadStrategy: normal, platformName: windows, proxy: Proxy(), se:cdp: ws://localhost:50538/devtoo..., se:cdpVersion: 131.0.6778.140, setWindowRect: true, strictFileInteractability: false, timeouts: {implicit: 0, pageLoad: 300000, script: 30000}, unhandledPromptBehavior: dismiss and notify, webauthn:extension:credBlob: true, webauthn:extension:largeBlob: true, webauthn:extension:minPinLength: true, webauthn:extension:prf: true, webauthn:virtualAuthenticators: true}
Element: [[ChromeDriver: chrome on windows (338bc7fc359a7ee4d5075bd63f6eb92e)] -&gt; xpath: //a[@data-tp=&apos;dailyTimesheet&apos;]]
Session ID: 338bc7fc359a7ee4d5075bd63f6eb92e
	at java.base/jdk.internal.reflect.DirectConstructorHandleAccessor.newInstance(DirectConstructorHandleAccessor.java:62)
	at java.base/java.lang.reflect.Constructor.newInstanceWithCaller(Constructor.java:501)
	at java.base/java.lang.reflect.Constructor.newInstance(Constructor.java:485)
	at org.openqa.selenium.remote.codec.w3c.W3CHttpResponseCodec.createException(W3CHttpResponseCodec.java:200)
	at org.openqa.selenium.remote.codec.w3c.W3CHttpResponseCodec.decode(W3CHttpResponseCodec.java:133)
	at org.openqa.selenium.remote.codec.w3c.W3CHttpResponseCodec.decode(W3CHttpResponseCodec.java:52)
	at org.openqa.selenium.remote.HttpCommandExecutor.execute(HttpCommandExecutor.java:191)
	at org.openqa.selenium.remote.service.DriverCommandExecutor.invokeExecute(DriverCommandExecutor.java:200)
	at org.openqa.selenium.remote.service.DriverCommandExecutor.execute(DriverCommandExecutor.java:175)
	at org.openqa.selenium.remote.RemoteWebDriver.execute(RemoteWebDriver.java:602)
	at org.openqa.selenium.remote.RemoteWebElement.execute(RemoteWebElement.java:224)
	at org.openqa.selenium.remote.RemoteWebElement.click(RemoteWebElement.java:77)
	at java.base/jdk.internal.reflect.DirectMethodHandleAccessor.invoke(DirectMethodHandleAccessor.java:103)
	at java.base/java.lang.reflect.Method.invoke(Method.java:580)
	at org.openqa.selenium.support.pagefactory.internal.LocatingElementHandler.invoke(LocatingElementHandler.java:51)
	at jdk.proxy2/jdk.proxy2.$Proxy13.click(Unknown Source)
	at locators.pages.TimesheetLocators.clickTodayToggle(TimesheetLocators.java:124)
	at hrmsProject.mavenProject1.TimesheetTest.weeklyToggle(TimesheetTest.java:66)
	at java.base/jdk.internal.reflect.DirectMethodHandleAccessor.invoke(DirectMethodHandleAccessor.java:103)
	at java.base/java.lang.reflect.Method.invoke(Method.java:580)
	at org.testng.internal.invokers.MethodInvocationHelper.invokeMethod(MethodInvocationHelper.java:141)
	at org.testng.internal.invokers.TestInvoker.invokeMethod(TestInvoker.java:686)
	at org.testng.internal.invokers.TestInvoker.invokeTestMethod(TestInvoker.java:230)
	at org.testng.internal.invokers.MethodRunner.runInSequence(MethodRunner.java:63)
	at org.testng.internal.invokers.TestInvoker$MethodInvocationAgent.invoke(TestInvoker.java:992)
	at org.testng.internal.invokers.TestInvoker.invokeTestMethods(TestInvoker.java:203)
	at org.testng.internal.invokers.TestMethodWorker.invokeTestMethods(TestMethodWorker.java:154)
	at org.testng.internal.invokers.TestMethodWorker.run(TestMethodWorker.java:134)
	at java.base/java.util.ArrayList.forEach(ArrayList.java:1597)
	at org.testng.TestRunner.privateRun(TestRunner.java:739)
	at org.testng.TestRunner.run(TestRunner.java:614)
	at org.testng.SuiteRunner.runTest(SuiteRunner.java:421)
	at org.testng.SuiteRunner.runSequentially(SuiteRunner.java:413)
	at org.testng.SuiteRunner.privateRun(SuiteRunner.java:373)
	at org.testng.SuiteRunner.run(SuiteRunner.java:312)
	at org.testng.SuiteRunnerWorker.runSuite(SuiteRunnerWorker.java:52)
	at org.testng.SuiteRunnerWorker.run(SuiteRunnerWorker.java:95)
	at org.testng.TestNG.runSuitesSequentially(TestNG.java:1274)
	at org.testng.TestNG.runSuitesLocally(TestNG.java:1208)
	at org.testng.TestNG.runSuites(TestNG.java:1112)
	at org.testng.TestNG.run(TestNG.java:1079)
	at org.testng.remote.AbstractRemoteTestNG.run(AbstractRemoteTestNG.java:115)
	at org.testng.remote.RemoteTestNG.initAndRun(RemoteTestNG.java:293)
	at org.testng.remote.RemoteTestNG.main(RemoteTestNG.java:91)
</pre></div></td>
<td>1</td>
<td>hrmsProject.mavenProject1.TimesheetTest@6913c1fb</td></tr>
<tr>
<td title='hrmsProject.mavenProject1.TimesheetTest.punchIN()'><b>punchIN</b><br>Test class: hrmsProject.mavenProject1.TimesheetTest</td>
<td><div><pre>org.openqa.selenium.JavascriptException: javascript error: {&quot;status&quot;:11,&quot;value&quot;:&quot;Element is not currently visible and may not be manipulated&quot;}
  (Session info: chrome=131.0.6778.140)
Build info: version: &apos;4.14.1&apos;, revision: &apos;03f8ede370&apos;
System info: os.name: &apos;Windows 11&apos;, os.arch: &apos;amd64&apos;, os.version: &apos;10.0&apos;, java.version: &apos;23.0.1&apos;
Driver info: org.openqa.selenium.chrome.ChromeDriver
Command: [338bc7fc359a7ee4d5075bd63f6eb92e, clickElement {id=f.F4B4D3151882CFBE9F66E221CD7C63A8.d.A8DD3650B4E0449BC1E65A23BF9FA9CA.e.14089}]
Capabilities {acceptInsecureCerts: false, browserName: chrome, browserVersion: 131.0.6778.140, chrome: {chromedriverVersion: 131.0.6778.204 (52183f9e99a..., userDataDir: C:\Users\HP\AppData\Local\T...}, fedcm:accounts: true, goog:chromeOptions: {debuggerAddress: localhost:50538}, networkConnectionEnabled: false, pageLoadStrategy: normal, platformName: windows, proxy: Proxy(), se:cdp: ws://localhost:50538/devtoo..., se:cdpVersion: 131.0.6778.140, setWindowRect: true, strictFileInteractability: false, timeouts: {implicit: 0, pageLoad: 300000, script: 30000}, unhandledPromptBehavior: dismiss and notify, webauthn:extension:credBlob: true, webauthn:extension:largeBlob: true, webauthn:extension:minPinLength: true, webauthn:extension:prf: true, webauthn:virtualAuthenticators: true}
Element: [[[[ChromeDriver: chrome on windows (338bc7fc359a7ee4d5075bd63f6eb92e)] -&gt; id: project_id]] -&gt; xpath: .//option[normalize-space(.) = &quot;22026_Creek_Vista_Heights_HEA01&quot;]]
Session ID: 338bc7fc359a7ee4d5075bd63f6eb92e
	at org.openqa.selenium.remote.codec.w3c.W3CHttpResponseCodec.createException(W3CHttpResponseCodec.java:200)
	at org.openqa.selenium.remote.codec.w3c.W3CHttpResponseCodec.decode(W3CHttpResponseCodec.java:133)
	at org.openqa.selenium.remote.codec.w3c.W3CHttpResponseCodec.decode(W3CHttpResponseCodec.java:52)
	at org.openqa.selenium.remote.HttpCommandExecutor.execute(HttpCommandExecutor.java:191)
	at org.openqa.selenium.remote.service.DriverCommandExecutor.invokeExecute(DriverCommandExecutor.java:200)
	at org.openqa.selenium.remote.service.DriverCommandExecutor.execute(DriverCommandExecutor.java:175)
	at org.openqa.selenium.remote.RemoteWebDriver.execute(RemoteWebDriver.java:602)
	at org.openqa.selenium.remote.RemoteWebElement.execute(RemoteWebElement.java:224)
	at org.openqa.selenium.remote.RemoteWebElement.click(RemoteWebElement.java:77)
	at org.openqa.selenium.support.ui.Select.setSelected(Select.java:315)
	at org.openqa.selenium.support.ui.Select.selectByVisibleText(Select.java:119)
	at locators.pages.TimesheetLocators.selectProjectDropdown(TimesheetLocators.java:139)
	at hrmsProject.mavenProject1.TimesheetTest.punchIN(TimesheetTest.java:80)
	at java.base/java.util.ArrayList.forEach(ArrayList.java:1597)
... Removed 28 stack frames</pre></div><a href='#' onClick='toggleBox("stack-trace1977189075", this, "Click to show all stack frames", "Click to hide stack frames")'>Click to show all stack frames</a>
<div class='stack-trace' id='stack-trace1977189075'><pre>org.openqa.selenium.JavascriptException: javascript error: {&quot;status&quot;:11,&quot;value&quot;:&quot;Element is not currently visible and may not be manipulated&quot;}
  (Session info: chrome=131.0.6778.140)
Build info: version: &apos;4.14.1&apos;, revision: &apos;03f8ede370&apos;
System info: os.name: &apos;Windows 11&apos;, os.arch: &apos;amd64&apos;, os.version: &apos;10.0&apos;, java.version: &apos;23.0.1&apos;
Driver info: org.openqa.selenium.chrome.ChromeDriver
Command: [338bc7fc359a7ee4d5075bd63f6eb92e, clickElement {id=f.F4B4D3151882CFBE9F66E221CD7C63A8.d.A8DD3650B4E0449BC1E65A23BF9FA9CA.e.14089}]
Capabilities {acceptInsecureCerts: false, browserName: chrome, browserVersion: 131.0.6778.140, chrome: {chromedriverVersion: 131.0.6778.204 (52183f9e99a..., userDataDir: C:\Users\HP\AppData\Local\T...}, fedcm:accounts: true, goog:chromeOptions: {debuggerAddress: localhost:50538}, networkConnectionEnabled: false, pageLoadStrategy: normal, platformName: windows, proxy: Proxy(), se:cdp: ws://localhost:50538/devtoo..., se:cdpVersion: 131.0.6778.140, setWindowRect: true, strictFileInteractability: false, timeouts: {implicit: 0, pageLoad: 300000, script: 30000}, unhandledPromptBehavior: dismiss and notify, webauthn:extension:credBlob: true, webauthn:extension:largeBlob: true, webauthn:extension:minPinLength: true, webauthn:extension:prf: true, webauthn:virtualAuthenticators: true}
Element: [[[[ChromeDriver: chrome on windows (338bc7fc359a7ee4d5075bd63f6eb92e)] -&gt; id: project_id]] -&gt; xpath: .//option[normalize-space(.) = &quot;22026_Creek_Vista_Heights_HEA01&quot;]]
Session ID: 338bc7fc359a7ee4d5075bd63f6eb92e
	at java.base/jdk.internal.reflect.DirectConstructorHandleAccessor.newInstance(DirectConstructorHandleAccessor.java:62)
	at java.base/java.lang.reflect.Constructor.newInstanceWithCaller(Constructor.java:501)
	at java.base/java.lang.reflect.Constructor.newInstance(Constructor.java:485)
	at org.openqa.selenium.remote.codec.w3c.W3CHttpResponseCodec.createException(W3CHttpResponseCodec.java:200)
	at org.openqa.selenium.remote.codec.w3c.W3CHttpResponseCodec.decode(W3CHttpResponseCodec.java:133)
	at org.openqa.selenium.remote.codec.w3c.W3CHttpResponseCodec.decode(W3CHttpResponseCodec.java:52)
	at org.openqa.selenium.remote.HttpCommandExecutor.execute(HttpCommandExecutor.java:191)
	at org.openqa.selenium.remote.service.DriverCommandExecutor.invokeExecute(DriverCommandExecutor.java:200)
	at org.openqa.selenium.remote.service.DriverCommandExecutor.execute(DriverCommandExecutor.java:175)
	at org.openqa.selenium.remote.RemoteWebDriver.execute(RemoteWebDriver.java:602)
	at org.openqa.selenium.remote.RemoteWebElement.execute(RemoteWebElement.java:224)
	at org.openqa.selenium.remote.RemoteWebElement.click(RemoteWebElement.java:77)
	at org.openqa.selenium.support.ui.Select.setSelected(Select.java:315)
	at org.openqa.selenium.support.ui.Select.selectByVisibleText(Select.java:119)
	at locators.pages.TimesheetLocators.selectProjectDropdown(TimesheetLocators.java:139)
	at hrmsProject.mavenProject1.TimesheetTest.punchIN(TimesheetTest.java:80)
	at java.base/jdk.internal.reflect.DirectMethodHandleAccessor.invoke(DirectMethodHandleAccessor.java:103)
	at java.base/java.lang.reflect.Method.invoke(Method.java:580)
	at org.testng.internal.invokers.MethodInvocationHelper.invokeMethod(MethodInvocationHelper.java:141)
	at org.testng.internal.invokers.TestInvoker.invokeMethod(TestInvoker.java:686)
	at org.testng.internal.invokers.TestInvoker.invokeTestMethod(TestInvoker.java:230)
	at org.testng.internal.invokers.MethodRunner.runInSequence(MethodRunner.java:63)
	at org.testng.internal.invokers.TestInvoker$MethodInvocationAgent.invoke(TestInvoker.java:992)
	at org.testng.internal.invokers.TestInvoker.invokeTestMethods(TestInvoker.java:203)
	at org.testng.internal.invokers.TestMethodWorker.invokeTestMethods(TestMethodWorker.java:154)
	at org.testng.internal.invokers.TestMethodWorker.run(TestMethodWorker.java:134)
	at java.base/java.util.ArrayList.forEach(ArrayList.java:1597)
	at org.testng.TestRunner.privateRun(TestRunner.java:739)
	at org.testng.TestRunner.run(TestRunner.java:614)
	at org.testng.SuiteRunner.runTest(SuiteRunner.java:421)
	at org.testng.SuiteRunner.runSequentially(SuiteRunner.java:413)
	at org.testng.SuiteRunner.privateRun(SuiteRunner.java:373)
	at org.testng.SuiteRunner.run(SuiteRunner.java:312)
	at org.testng.SuiteRunnerWorker.runSuite(SuiteRunnerWorker.java:52)
	at org.testng.SuiteRunnerWorker.run(SuiteRunnerWorker.java:95)
	at org.testng.TestNG.runSuitesSequentially(TestNG.java:1274)
	at org.testng.TestNG.runSuitesLocally(TestNG.java:1208)
	at org.testng.TestNG.runSuites(TestNG.java:1112)
	at org.testng.TestNG.run(TestNG.java:1079)
	at org.testng.remote.AbstractRemoteTestNG.run(AbstractRemoteTestNG.java:115)
	at org.testng.remote.RemoteTestNG.initAndRun(RemoteTestNG.java:293)
	at org.testng.remote.RemoteTestNG.main(RemoteTestNG.java:91)
</pre></div></td>
<td>0</td>
<td>hrmsProject.mavenProject1.TimesheetTest@6913c1fb</td></tr>
<tr>
<td title='hrmsProject.mavenProject1.TimesheetTest.getRequiredfieldAlertMessage()'><b>getRequiredfieldAlertMessage</b><br>Test class: hrmsProject.mavenProject1.TimesheetTest</td>
<td><div><pre>org.openqa.selenium.TimeoutException: Expected condition failed: waiting for element to be clickable: [[ChromeDriver: chrome on windows (338bc7fc359a7ee4d5075bd63f6eb92e)] -&gt; xpath: //*[@id=&quot;add_timesheets_top_form&quot;]/div/div[5]/div/button] (tried for 10 second(s) with 500 milliseconds interval)
Build info: version: &apos;4.14.1&apos;, revision: &apos;03f8ede370&apos;
System info: os.name: &apos;Windows 11&apos;, os.arch: &apos;amd64&apos;, os.version: &apos;10.0&apos;, java.version: &apos;23.0.1&apos;
Driver info: org.openqa.selenium.chrome.ChromeDriver
Capabilities {acceptInsecureCerts: false, browserName: chrome, browserVersion: 131.0.6778.140, chrome: {chromedriverVersion: 131.0.6778.204 (52183f9e99a..., userDataDir: C:\Users\HP\AppData\Local\T...}, fedcm:accounts: true, goog:chromeOptions: {debuggerAddress: localhost:50538}, networkConnectionEnabled: false, pageLoadStrategy: normal, platformName: windows, proxy: Proxy(), se:cdp: ws://localhost:50538/devtoo..., se:cdpVersion: 131.0.6778.140, setWindowRect: true, strictFileInteractability: false, timeouts: {implicit: 0, pageLoad: 300000, script: 30000}, unhandledPromptBehavior: dismiss and notify, webauthn:extension:credBlob: true, webauthn:extension:largeBlob: true, webauthn:extension:minPinLength: true, webauthn:extension:prf: true, webauthn:virtualAuthenticators: true}
Session ID: 338bc7fc359a7ee4d5075bd63f6eb92e
	at org.openqa.selenium.support.ui.WebDriverWait.timeoutException(WebDriverWait.java:84)
	at org.openqa.selenium.support.ui.FluentWait.until(FluentWait.java:230)
	at locators.pages.TimesheetLocators.clickStartTaskButton(TimesheetLocators.java:133)
	at hrmsProject.mavenProject1.TimesheetTest.getRequiredfieldAlertMessage(TimesheetTest.java:71)
	at java.base/java.util.ArrayList.forEach(ArrayList.java:1597)
... Removed 25 stack frames</pre></div><a href='#' onClick='toggleBox("stack-trace1887991591", this, "Click to show all stack frames", "Click to hide stack frames")'>Click to show all stack frames</a>
<div class='stack-trace' id='stack-trace1887991591'><pre>org.openqa.selenium.TimeoutException: Expected condition failed: waiting for element to be clickable: [[ChromeDriver: chrome on windows (338bc7fc359a7ee4d5075bd63f6eb92e)] -&gt; xpath: //*[@id=&quot;add_timesheets_top_form&quot;]/div/div[5]/div/button] (tried for 10 second(s) with 500 milliseconds interval)
Build info: version: &apos;4.14.1&apos;, revision: &apos;03f8ede370&apos;
System info: os.name: &apos;Windows 11&apos;, os.arch: &apos;amd64&apos;, os.version: &apos;10.0&apos;, java.version: &apos;23.0.1&apos;
Driver info: org.openqa.selenium.chrome.ChromeDriver
Capabilities {acceptInsecureCerts: false, browserName: chrome, browserVersion: 131.0.6778.140, chrome: {chromedriverVersion: 131.0.6778.204 (52183f9e99a..., userDataDir: C:\Users\HP\AppData\Local\T...}, fedcm:accounts: true, goog:chromeOptions: {debuggerAddress: localhost:50538}, networkConnectionEnabled: false, pageLoadStrategy: normal, platformName: windows, proxy: Proxy(), se:cdp: ws://localhost:50538/devtoo..., se:cdpVersion: 131.0.6778.140, setWindowRect: true, strictFileInteractability: false, timeouts: {implicit: 0, pageLoad: 300000, script: 30000}, unhandledPromptBehavior: dismiss and notify, webauthn:extension:credBlob: true, webauthn:extension:largeBlob: true, webauthn:extension:minPinLength: true, webauthn:extension:prf: true, webauthn:virtualAuthenticators: true}
Session ID: 338bc7fc359a7ee4d5075bd63f6eb92e
	at org.openqa.selenium.support.ui.WebDriverWait.timeoutException(WebDriverWait.java:84)
	at org.openqa.selenium.support.ui.FluentWait.until(FluentWait.java:230)
	at locators.pages.TimesheetLocators.clickStartTaskButton(TimesheetLocators.java:133)
	at hrmsProject.mavenProject1.TimesheetTest.getRequiredfieldAlertMessage(TimesheetTest.java:71)
	at java.base/jdk.internal.reflect.DirectMethodHandleAccessor.invoke(DirectMethodHandleAccessor.java:103)
	at java.base/java.lang.reflect.Method.invoke(Method.java:580)
	at org.testng.internal.invokers.MethodInvocationHelper.invokeMethod(MethodInvocationHelper.java:141)
	at org.testng.internal.invokers.TestInvoker.invokeMethod(TestInvoker.java:686)
	at org.testng.internal.invokers.TestInvoker.invokeTestMethod(TestInvoker.java:230)
	at org.testng.internal.invokers.MethodRunner.runInSequence(MethodRunner.java:63)
	at org.testng.internal.invokers.TestInvoker$MethodInvocationAgent.invoke(TestInvoker.java:992)
	at org.testng.internal.invokers.TestInvoker.invokeTestMethods(TestInvoker.java:203)
	at org.testng.internal.invokers.TestMethodWorker.invokeTestMethods(TestMethodWorker.java:154)
	at org.testng.internal.invokers.TestMethodWorker.run(TestMethodWorker.java:134)
	at java.base/java.util.ArrayList.forEach(ArrayList.java:1597)
	at org.testng.TestRunner.privateRun(TestRunner.java:739)
	at org.testng.TestRunner.run(TestRunner.java:614)
	at org.testng.SuiteRunner.runTest(SuiteRunner.java:421)
	at org.testng.SuiteRunner.runSequentially(SuiteRunner.java:413)
	at org.testng.SuiteRunner.privateRun(SuiteRunner.java:373)
	at org.testng.SuiteRunner.run(SuiteRunner.java:312)
	at org.testng.SuiteRunnerWorker.runSuite(SuiteRunnerWorker.java:52)
	at org.testng.SuiteRunnerWorker.run(SuiteRunnerWorker.java:95)
	at org.testng.TestNG.runSuitesSequentially(TestNG.java:1274)
	at org.testng.TestNG.runSuitesLocally(TestNG.java:1208)
	at org.testng.TestNG.runSuites(TestNG.java:1112)
	at org.testng.TestNG.run(TestNG.java:1079)
	at org.testng.remote.AbstractRemoteTestNG.run(AbstractRemoteTestNG.java:115)
	at org.testng.remote.RemoteTestNG.initAndRun(RemoteTestNG.java:293)
	at org.testng.remote.RemoteTestNG.main(RemoteTestNG.java:91)
</pre></div></td>
<td>10</td>
<td>hrmsProject.mavenProject1.TimesheetTest@6913c1fb</td></tr>
</table><p>
<table width='100%' border='1' class='invocation-passed'>
<tr><td colspan='4' align='center'><b>PASSED TESTS</b></td></tr>
<tr><td><b>Test method</b></td>
<td><b>Attribute(s)</b></td>
<td width="30%"><b>Exception</b></td>
<td width="10%"><b>Time (seconds)</b></td>
<td><b>Instance</b></td>
</tr>
<tr>
<td title='hrmsProject.mavenProject1.TimesheetTest.todayToggle()'><b>todayToggle</b><br>Test class: hrmsProject.mavenProject1.TimesheetTest</td>
<td></td>
<td>0</td>
<td>hrmsProject.mavenProject1.TimesheetTest@6913c1fb</td></tr>
<tr>
<td title='hrmsProject.mavenProject1.HrmsLoginTest.imageInTheLoginPage()'><b>imageInTheLoginPage</b><br>Test class: hrmsProject.mavenProject1.HrmsLoginTest</td>
<td></td>
<td>0</td>
<td>hrmsProject.mavenProject1.HrmsLoginTest@587e5365</td></tr>
<tr>
<td title='hrmsProject.mavenProject1.TimesheetTest.GetTimesheetOfUser()'><b>GetTimesheetOfUser</b><br>Test class: hrmsProject.mavenProject1.TimesheetTest</td>
<td></td>
<td>4</td>
<td>hrmsProject.mavenProject1.TimesheetTest@6913c1fb</td></tr>
<tr>
<td title='hrmsProject.mavenProject1.ResetPasswordTest.invalidEmailID()'><b>invalidEmailID</b><br>Test class: hrmsProject.mavenProject1.ResetPasswordTest</td>
<td></td>
<td>10</td>
<td>hrmsProject.mavenProject1.ResetPasswordTest@305b7c14</td></tr>
<tr>
<td title='hrmsProject.mavenProject1.HrmsLoginTest.forgotPasswordDisplayed()'><b>forgotPasswordDisplayed</b><br>Test class: hrmsProject.mavenProject1.HrmsLoginTest</td>
<td></td>
<td>0</td>
<td>hrmsProject.mavenProject1.HrmsLoginTest@587e5365</td></tr>
<tr>
<td title='hrmsProject.mavenProject1.ResetPasswordTest.goBackToLogin()'><b>goBackToLogin</b><br>Test class: hrmsProject.mavenProject1.ResetPasswordTest</td>
<td></td>
<td>4</td>
<td>hrmsProject.mavenProject1.ResetPasswordTest@305b7c14</td></tr>
<tr>
<td title='hrmsProject.mavenProject1.ResetPasswordTest.forgotPassword()'><b>forgotPassword</b><br>Test class: hrmsProject.mavenProject1.ResetPasswordTest</td>
<td></td>
<td>4</td>
<td>hrmsProject.mavenProject1.ResetPasswordTest@305b7c14</td></tr>
<tr>
<td title='hrmsProject.mavenProject1.ResetPasswordTest.resetPwdRequiredfieldAlertMessage()'><b>resetPwdRequiredfieldAlertMessage</b><br>Test class: hrmsProject.mavenProject1.ResetPasswordTest</td>
<td></td>
<td>5</td>
<td>hrmsProject.mavenProject1.ResetPasswordTest@305b7c14</td></tr>
<tr>
<td title='hrmsProject.mavenProject1.HrmsLoginTest.loginPageTitle()'><b>loginPageTitle</b><br>Test class: hrmsProject.mavenProject1.HrmsLoginTest</td>
<td></td>
<td>0</td>
<td>hrmsProject.mavenProject1.HrmsLoginTest@587e5365</td></tr>
<tr>
<td title='hrmsProject.mavenProject1.ResetPasswordTest.resetPasswordPageLogo()'><b>resetPasswordPageLogo</b><br>Test class: hrmsProject.mavenProject1.ResetPasswordTest</td>
<td></td>
<td>2</td>
<td>hrmsProject.mavenProject1.ResetPasswordTest@305b7c14</td></tr>
<tr>
<td title='hrmsProject.mavenProject1.HrmsLoginTest.keepMeLoggedIn()'><b>keepMeLoggedIn</b><br>Test class: hrmsProject.mavenProject1.HrmsLoginTest</td>
<td></td>
<td>0</td>
<td>hrmsProject.mavenProject1.HrmsLoginTest@587e5365</td></tr>
<tr>
<td title='hrmsProject.mavenProject1.HrmsLoginTest.loginPageLogo()'><b>loginPageLogo</b><br>Test class: hrmsProject.mavenProject1.HrmsLoginTest</td>
<td></td>
<td>0</td>
<td>hrmsProject.mavenProject1.HrmsLoginTest@587e5365</td></tr>
<tr>
<td title='hrmsProject.mavenProject1.TimesheetTest.navigateToTimesheet()'><b>navigateToTimesheet</b><br>Test class: hrmsProject.mavenProject1.TimesheetTest</td>
<td></td>
<td>3</td>
<td>hrmsProject.mavenProject1.TimesheetTest@6913c1fb</td></tr>
<tr>
<td title='hrmsProject.mavenProject1.TimesheetTest.EditTheTask()'><b>EditTheTask</b><br>Test class: hrmsProject.mavenProject1.TimesheetTest</td>
<td></td>
<td>4</td>
<td>hrmsProject.mavenProject1.TimesheetTest@6913c1fb</td></tr>
<tr>
<td title='hrmsProject.mavenProject1.HrmsLoginTest.showPasswordIcon()'><b>showPasswordIcon</b><br>Test class: hrmsProject.mavenProject1.HrmsLoginTest</td>
<td></td>
<td>6</td>
<td>hrmsProject.mavenProject1.HrmsLoginTest@587e5365</td></tr>
<tr>
<td title='hrmsProject.mavenProject1.HrmsLoginTest.invalidCredentials()'><b>invalidCredentials</b><br>Test class: hrmsProject.mavenProject1.HrmsLoginTest</td>
<td></td>
<td>2</td>
<td>hrmsProject.mavenProject1.HrmsLoginTest@587e5365</td></tr>
<tr>
<td title='hrmsProject.mavenProject1.ResetPasswordTest.resetPasswordPageTitle()'><b>resetPasswordPageTitle</b><br>Test class: hrmsProject.mavenProject1.ResetPasswordTest</td>
<td></td>
<td>3</td>
<td>hrmsProject.mavenProject1.ResetPasswordTest@305b7c14</td></tr>
<tr>
<td title='hrmsProject.mavenProject1.HrmsLoginTest.logo()'><b>logo</b><br>Test class: hrmsProject.mavenProject1.HrmsLoginTest</td>
<td></td>
<td>0</td>
<td>hrmsProject.mavenProject1.HrmsLoginTest@587e5365</td></tr>
<tr>
<td title='hrmsProject.mavenProject1.HrmsLoginTest.validCredentials()'><b>validCredentials</b><br>Test class: hrmsProject.mavenProject1.HrmsLoginTest</td>
<td></td>
<td>5</td>
<td>hrmsProject.mavenProject1.HrmsLoginTest@587e5365</td></tr>
<tr>
<td title='hrmsProject.mavenProject1.TimesheetTest.DeleteTask()'><b>DeleteTask</b><br>Test class: hrmsProject.mavenProject1.TimesheetTest</td>
<td></td>
<td>3</td>
<td>hrmsProject.mavenProject1.TimesheetTest@6913c1fb</td></tr>
<tr>
<td title='hrmsProject.mavenProject1.TimesheetTest.doLogin()'><b>doLogin</b><br>Test class: hrmsProject.mavenProject1.TimesheetTest</td>
<td></td>
<td>10</td>
<td>hrmsProject.mavenProject1.TimesheetTest@6913c1fb</td></tr>
<tr>
<td title='hrmsProject.mavenProject1.TimesheetTest.viewNotesofTheTask()'><b>viewNotesofTheTask</b><br>Test class: hrmsProject.mavenProject1.TimesheetTest</td>
<td></td>
<td>3</td>
<td>hrmsProject.mavenProject1.TimesheetTest@6913c1fb</td></tr>
<tr>
<td title='hrmsProject.mavenProject1.ResetPasswordTest.clickCancelButtonWhichIsInTheErrorPopup()'><b>clickCancelButtonWhichIsInTheErrorPopup</b><br>Test class: hrmsProject.mavenProject1.ResetPasswordTest</td>
<td></td>
<td>9</td>
<td>hrmsProject.mavenProject1.ResetPasswordTest@305b7c14</td></tr>
</table><p>
</body>
</html>