<?xml version="1.0" encoding="UTF-8"?>
<!-- Generated by org.testng.reporters.JUnitXMLReporter -->
<testsuite ignored="2" hostname="Vikas-Prabhakaran" failures="4" tests="27" name="Test" time="124.647" errors="0" timestamp="2024-12-20T07:11:26 IST">
  <testcase classname="hrmsProject.mavenProject1.HrmsLoginTest" name="logo" time="0.074"/>
  <testcase classname="hrmsProject.mavenProject1.HrmsLoginTest" name="loginPageLogo" time="0.037"/>
  <testcase classname="hrmsProject.mavenProject1.HrmsLoginTest" name="loginPageTitle" time="0.05"/>
  <testcase classname="hrmsProject.mavenProject1.HrmsLoginTest" name="imageInTheLoginPage" time="0.057"/>
  <testcase classname="hrmsProject.mavenProject1.HrmsLoginTest" name="keepMeLoggedIn" time="0.095"/>
  <testcase classname="hrmsProject.mavenProject1.HrmsLoginTest" name="forgotPasswordDisplayed" time="0.057"/>
  <testcase classname="hrmsProject.mavenProject1.HrmsLoginTest" name="showPasswordIcon" time="6.621"/>
  <testcase classname="hrmsProject.mavenProject1.HrmsLoginTest" name="invalidCredentials" time="2.559"/>
  <testcase classname="hrmsProject.mavenProject1.HrmsLoginTest" name="validCredentials" time="5.989"/>
  <testcase classname="hrmsProject.mavenProject1.ResetPasswordTest" name="resetPasswordPageLogo" time="2.533"/>
  <testcase classname="hrmsProject.mavenProject1.ResetPasswordTest" name="resetPasswordPageTitle" time="3.362"/>
  <testcase classname="hrmsProject.mavenProject1.ResetPasswordTest" name="goBackToLogin" time="4.878"/>
  <testcase classname="hrmsProject.mavenProject1.ResetPasswordTest" name="resetPwdRequiredfieldAlertMessage" time="5.255"/>
  <testcase classname="hrmsProject.mavenProject1.ResetPasswordTest" name="invalidEmailID" time="10.906"/>
  <testcase classname="hrmsProject.mavenProject1.ResetPasswordTest" name="clickCancelButtonWhichIsInTheErrorPopup" time="9.756"/>
  <testcase classname="hrmsProject.mavenProject1.ResetPasswordTest" name="forgotPassword" time="4.865"/>
  <testcase classname="hrmsProject.mavenProject1.TimesheetTest" name="doLogin" time="10.86"/>
  <testcase classname="hrmsProject.mavenProject1.TimesheetTest" name="navigateToTimesheet" time="3.25"/>
  <testcase classname="hrmsProject.mavenProject1.TimesheetTest" name="todayToggle" time="0.504"/>
  <testcase classname="hrmsProject.mavenProject1.TimesheetTest" name="weeklyToggle" time="1.679">
    <failure type="org.openqa.selenium.ElementClickInterceptedException" message="element click intercepted: Element &amp;lt;a href=&amp;quot;javascript:void(0)&amp;quot; class=&amp;quot;col-auto fs-12 font-weight-500 btn-today btn-timesheet&amp;quot; data-tp=&amp;quot;dailyTimesheet&amp;quot;&amp;gt;...&amp;lt;/a&amp;gt; is not clickable at point (986, 118). Other element would receive the click: &amp;lt;div id=&amp;quot;preloader_custom&amp;quot;&amp;gt;...&amp;lt;/div&amp;gt;
  (Session info: chrome=131.0.6778.140)
Build info: version: &amp;apos;4.14.1&amp;apos;, revision: &amp;apos;03f8ede370&amp;apos;
System info: os.name: &amp;apos;Windows 11&amp;apos;, os.arch: &amp;apos;amd64&amp;apos;, os.version: &amp;apos;10.0&amp;apos;, java.version: &amp;apos;23.0.1&amp;apos;
Driver info: org.openqa.selenium.chrome.ChromeDriver
Command: [338bc7fc359a7ee4d5075bd63f6eb92e, clickElement {id=f.F4B4D3151882CFBE9F66E221CD7C63A8.d.A8DD3650B4E0449BC1E65A23BF9FA9CA.e.12311}]
Capabilities {acceptInsecureCerts: false, browserName: chrome, browserVersion: 131.0.6778.140, chrome: {chromedriverVersion: 131.0.6778.204 (52183f9e99a..., userDataDir: C:\Users\HP\AppData\Local\T...}, fedcm:accounts: true, goog:chromeOptions: {debuggerAddress: localhost:50538}, networkConnectionEnabled: false, pageLoadStrategy: normal, platformName: windows, proxy: Proxy(), se:cdp: ws://localhost:50538/devtoo..., se:cdpVersion: 131.0.6778.140, setWindowRect: true, strictFileInteractability: false, timeouts: {implicit: 0, pageLoad: 300000, script: 30000}, unhandledPromptBehavior: dismiss and notify, webauthn:extension:credBlob: true, webauthn:extension:largeBlob: true, webauthn:extension:minPinLength: true, webauthn:extension:prf: true, webauthn:virtualAuthenticators: true}
Element: [[ChromeDriver: chrome on windows (338bc7fc359a7ee4d5075bd63f6eb92e)] -&amp;gt; xpath: //a[@data-tp=&amp;apos;dailyTimesheet&amp;apos;]]
Session ID: 338bc7fc359a7ee4d5075bd63f6eb92e">
      <![CDATA[org.openqa.selenium.ElementClickInterceptedException: element click intercepted: Element <a href="javascript:void(0)" class="col-auto fs-12 font-weight-500 btn-today btn-timesheet" data-tp="dailyTimesheet">...</a> is not clickable at point (986, 118). Other element would receive the click: <div id="preloader_custom">...</div>
  (Session info: chrome=131.0.6778.140)
Build info: version: '4.14.1', revision: '03f8ede370'
System info: os.name: 'Windows 11', os.arch: 'amd64', os.version: '10.0', java.version: '23.0.1'
Driver info: org.openqa.selenium.chrome.ChromeDriver
Command: [338bc7fc359a7ee4d5075bd63f6eb92e, clickElement {id=f.F4B4D3151882CFBE9F66E221CD7C63A8.d.A8DD3650B4E0449BC1E65A23BF9FA9CA.e.12311}]
Capabilities {acceptInsecureCerts: false, browserName: chrome, browserVersion: 131.0.6778.140, chrome: {chromedriverVersion: 131.0.6778.204 (52183f9e99a..., userDataDir: C:\Users\HP\AppData\Local\T...}, fedcm:accounts: true, goog:chromeOptions: {debuggerAddress: localhost:50538}, networkConnectionEnabled: false, pageLoadStrategy: normal, platformName: windows, proxy: Proxy(), se:cdp: ws://localhost:50538/devtoo..., se:cdpVersion: 131.0.6778.140, setWindowRect: true, strictFileInteractability: false, timeouts: {implicit: 0, pageLoad: 300000, script: 30000}, unhandledPromptBehavior: dismiss and notify, webauthn:extension:credBlob: true, webauthn:extension:largeBlob: true, webauthn:extension:minPinLength: true, webauthn:extension:prf: true, webauthn:virtualAuthenticators: true}
Element: [[ChromeDriver: chrome on windows (338bc7fc359a7ee4d5075bd63f6eb92e)] -> xpath: //a[@data-tp='dailyTimesheet']]
Session ID: 338bc7fc359a7ee4d5075bd63f6eb92e
at org.openqa.selenium.remote.codec.w3c.W3CHttpResponseCodec.createException(W3CHttpResponseCodec.java:200)
at org.openqa.selenium.remote.codec.w3c.W3CHttpResponseCodec.decode(W3CHttpResponseCodec.java:133)
at org.openqa.selenium.remote.codec.w3c.W3CHttpResponseCodec.decode(W3CHttpResponseCodec.java:52)
at org.openqa.selenium.remote.HttpCommandExecutor.execute(HttpCommandExecutor.java:191)
at org.openqa.selenium.remote.service.DriverCommandExecutor.invokeExecute(DriverCommandExecutor.java:200)
at org.openqa.selenium.remote.service.DriverCommandExecutor.execute(DriverCommandExecutor.java:175)
at org.openqa.selenium.remote.RemoteWebDriver.execute(RemoteWebDriver.java:602)
at org.openqa.selenium.remote.RemoteWebElement.execute(RemoteWebElement.java:224)
at org.openqa.selenium.remote.RemoteWebElement.click(RemoteWebElement.java:77)
at org.openqa.selenium.support.pagefactory.internal.LocatingElementHandler.invoke(LocatingElementHandler.java:51)
at jdk.proxy2/jdk.proxy2.$Proxy13.click(Unknown Source)
at locators.pages.TimesheetLocators.clickTodayToggle(TimesheetLocators.java:124)
at hrmsProject.mavenProject1.TimesheetTest.weeklyToggle(TimesheetTest.java:66)
at java.base/java.util.ArrayList.forEach(ArrayList.java:1597)
... Removed 30 stack frames]]>
    </failure>
  </testcase> <!-- weeklyToggle -->
  <testcase classname="hrmsProject.mavenProject1.TimesheetTest" name="getRequiredfieldAlertMessage" time="10.547">
    <failure type="org.openqa.selenium.TimeoutException" message="Expected condition failed: waiting for element to be clickable: [[ChromeDriver: chrome on windows (338bc7fc359a7ee4d5075bd63f6eb92e)] -&amp;gt; xpath: //*[@id=&amp;quot;add_timesheets_top_form&amp;quot;]/div/div[5]/div/button] (tried for 10 second(s) with 500 milliseconds interval)
Build info: version: &amp;apos;4.14.1&amp;apos;, revision: &amp;apos;03f8ede370&amp;apos;
System info: os.name: &amp;apos;Windows 11&amp;apos;, os.arch: &amp;apos;amd64&amp;apos;, os.version: &amp;apos;10.0&amp;apos;, java.version: &amp;apos;23.0.1&amp;apos;
Driver info: org.openqa.selenium.chrome.ChromeDriver
Capabilities {acceptInsecureCerts: false, browserName: chrome, browserVersion: 131.0.6778.140, chrome: {chromedriverVersion: 131.0.6778.204 (52183f9e99a..., userDataDir: C:\Users\HP\AppData\Local\T...}, fedcm:accounts: true, goog:chromeOptions: {debuggerAddress: localhost:50538}, networkConnectionEnabled: false, pageLoadStrategy: normal, platformName: windows, proxy: Proxy(), se:cdp: ws://localhost:50538/devtoo..., se:cdpVersion: 131.0.6778.140, setWindowRect: true, strictFileInteractability: false, timeouts: {implicit: 0, pageLoad: 300000, script: 30000}, unhandledPromptBehavior: dismiss and notify, webauthn:extension:credBlob: true, webauthn:extension:largeBlob: true, webauthn:extension:minPinLength: true, webauthn:extension:prf: true, webauthn:virtualAuthenticators: true}
Session ID: 338bc7fc359a7ee4d5075bd63f6eb92e">
      <![CDATA[org.openqa.selenium.TimeoutException: Expected condition failed: waiting for element to be clickable: [[ChromeDriver: chrome on windows (338bc7fc359a7ee4d5075bd63f6eb92e)] -> xpath: //*[@id="add_timesheets_top_form"]/div/div[5]/div/button] (tried for 10 second(s) with 500 milliseconds interval)
Build info: version: '4.14.1', revision: '03f8ede370'
System info: os.name: 'Windows 11', os.arch: 'amd64', os.version: '10.0', java.version: '23.0.1'
Driver info: org.openqa.selenium.chrome.ChromeDriver
Capabilities {acceptInsecureCerts: false, browserName: chrome, browserVersion: 131.0.6778.140, chrome: {chromedriverVersion: 131.0.6778.204 (52183f9e99a..., userDataDir: C:\Users\HP\AppData\Local\T...}, fedcm:accounts: true, goog:chromeOptions: {debuggerAddress: localhost:50538}, networkConnectionEnabled: false, pageLoadStrategy: normal, platformName: windows, proxy: Proxy(), se:cdp: ws://localhost:50538/devtoo..., se:cdpVersion: 131.0.6778.140, setWindowRect: true, strictFileInteractability: false, timeouts: {implicit: 0, pageLoad: 300000, script: 30000}, unhandledPromptBehavior: dismiss and notify, webauthn:extension:credBlob: true, webauthn:extension:largeBlob: true, webauthn:extension:minPinLength: true, webauthn:extension:prf: true, webauthn:virtualAuthenticators: true}
Session ID: 338bc7fc359a7ee4d5075bd63f6eb92e
at org.openqa.selenium.support.ui.WebDriverWait.timeoutException(WebDriverWait.java:84)
at org.openqa.selenium.support.ui.FluentWait.until(FluentWait.java:230)
at locators.pages.TimesheetLocators.clickStartTaskButton(TimesheetLocators.java:133)
at hrmsProject.mavenProject1.TimesheetTest.getRequiredfieldAlertMessage(TimesheetTest.java:71)
at java.base/java.util.ArrayList.forEach(ArrayList.java:1597)
... Removed 25 stack frames]]>
    </failure>
  </testcase> <!-- getRequiredfieldAlertMessage -->
  <testcase classname="hrmsProject.mavenProject1.TimesheetTest" name="punchIN" time="0.164">
    <failure type="org.openqa.selenium.JavascriptException" message="javascript error: {&amp;quot;status&amp;quot;:11,&amp;quot;value&amp;quot;:&amp;quot;Element is not currently visible and may not be manipulated&amp;quot;}
  (Session info: chrome=131.0.6778.140)
Build info: version: &amp;apos;4.14.1&amp;apos;, revision: &amp;apos;03f8ede370&amp;apos;
System info: os.name: &amp;apos;Windows 11&amp;apos;, os.arch: &amp;apos;amd64&amp;apos;, os.version: &amp;apos;10.0&amp;apos;, java.version: &amp;apos;23.0.1&amp;apos;
Driver info: org.openqa.selenium.chrome.ChromeDriver
Command: [338bc7fc359a7ee4d5075bd63f6eb92e, clickElement {id=f.F4B4D3151882CFBE9F66E221CD7C63A8.d.A8DD3650B4E0449BC1E65A23BF9FA9CA.e.14089}]
Capabilities {acceptInsecureCerts: false, browserName: chrome, browserVersion: 131.0.6778.140, chrome: {chromedriverVersion: 131.0.6778.204 (52183f9e99a..., userDataDir: C:\Users\HP\AppData\Local\T...}, fedcm:accounts: true, goog:chromeOptions: {debuggerAddress: localhost:50538}, networkConnectionEnabled: false, pageLoadStrategy: normal, platformName: windows, proxy: Proxy(), se:cdp: ws://localhost:50538/devtoo..., se:cdpVersion: 131.0.6778.140, setWindowRect: true, strictFileInteractability: false, timeouts: {implicit: 0, pageLoad: 300000, script: 30000}, unhandledPromptBehavior: dismiss and notify, webauthn:extension:credBlob: true, webauthn:extension:largeBlob: true, webauthn:extension:minPinLength: true, webauthn:extension:prf: true, webauthn:virtualAuthenticators: true}
Element: [[[[ChromeDriver: chrome on windows (338bc7fc359a7ee4d5075bd63f6eb92e)] -&amp;gt; id: project_id]] -&amp;gt; xpath: .//option[normalize-space(.) = &amp;quot;22026_Creek_Vista_Heights_HEA01&amp;quot;]]
Session ID: 338bc7fc359a7ee4d5075bd63f6eb92e">
      <![CDATA[org.openqa.selenium.JavascriptException: javascript error: {"status":11,"value":"Element is not currently visible and may not be manipulated"}
  (Session info: chrome=131.0.6778.140)
Build info: version: '4.14.1', revision: '03f8ede370'
System info: os.name: 'Windows 11', os.arch: 'amd64', os.version: '10.0', java.version: '23.0.1'
Driver info: org.openqa.selenium.chrome.ChromeDriver
Command: [338bc7fc359a7ee4d5075bd63f6eb92e, clickElement {id=f.F4B4D3151882CFBE9F66E221CD7C63A8.d.A8DD3650B4E0449BC1E65A23BF9FA9CA.e.14089}]
Capabilities {acceptInsecureCerts: false, browserName: chrome, browserVersion: 131.0.6778.140, chrome: {chromedriverVersion: 131.0.6778.204 (52183f9e99a..., userDataDir: C:\Users\HP\AppData\Local\T...}, fedcm:accounts: true, goog:chromeOptions: {debuggerAddress: localhost:50538}, networkConnectionEnabled: false, pageLoadStrategy: normal, platformName: windows, proxy: Proxy(), se:cdp: ws://localhost:50538/devtoo..., se:cdpVersion: 131.0.6778.140, setWindowRect: true, strictFileInteractability: false, timeouts: {implicit: 0, pageLoad: 300000, script: 30000}, unhandledPromptBehavior: dismiss and notify, webauthn:extension:credBlob: true, webauthn:extension:largeBlob: true, webauthn:extension:minPinLength: true, webauthn:extension:prf: true, webauthn:virtualAuthenticators: true}
Element: [[[[ChromeDriver: chrome on windows (338bc7fc359a7ee4d5075bd63f6eb92e)] -> id: project_id]] -> xpath: .//option[normalize-space(.) = "22026_Creek_Vista_Heights_HEA01"]]
Session ID: 338bc7fc359a7ee4d5075bd63f6eb92e
at org.openqa.selenium.remote.codec.w3c.W3CHttpResponseCodec.createException(W3CHttpResponseCodec.java:200)
at org.openqa.selenium.remote.codec.w3c.W3CHttpResponseCodec.decode(W3CHttpResponseCodec.java:133)
at org.openqa.selenium.remote.codec.w3c.W3CHttpResponseCodec.decode(W3CHttpResponseCodec.java:52)
at org.openqa.selenium.remote.HttpCommandExecutor.execute(HttpCommandExecutor.java:191)
at org.openqa.selenium.remote.service.DriverCommandExecutor.invokeExecute(DriverCommandExecutor.java:200)
at org.openqa.selenium.remote.service.DriverCommandExecutor.execute(DriverCommandExecutor.java:175)
at org.openqa.selenium.remote.RemoteWebDriver.execute(RemoteWebDriver.java:602)
at org.openqa.selenium.remote.RemoteWebElement.execute(RemoteWebElement.java:224)
at org.openqa.selenium.remote.RemoteWebElement.click(RemoteWebElement.java:77)
at org.openqa.selenium.support.ui.Select.setSelected(Select.java:315)
at org.openqa.selenium.support.ui.Select.selectByVisibleText(Select.java:119)
at locators.pages.TimesheetLocators.selectProjectDropdown(TimesheetLocators.java:139)
at hrmsProject.mavenProject1.TimesheetTest.punchIN(TimesheetTest.java:80)
at java.base/java.util.ArrayList.forEach(ArrayList.java:1597)
... Removed 28 stack frames]]>
    </failure>
  </testcase> <!-- punchIN -->
  <testcase classname="hrmsProject.mavenProject1.TimesheetTest" name="addTask" time="10.461">
    <failure type="org.openqa.selenium.TimeoutException" message="Expected condition failed: waiting for element to be clickable: [[ChromeDriver: chrome on windows (338bc7fc359a7ee4d5075bd63f6eb92e)] -&amp;gt; xpath: //button[@class=&amp;apos;col-auto fs-14 font-weight-600 btn-add-task ps-0 pe-0&amp;apos;]] (tried for 10 second(s) with 500 milliseconds interval)
Build info: version: &amp;apos;4.14.1&amp;apos;, revision: &amp;apos;03f8ede370&amp;apos;
System info: os.name: &amp;apos;Windows 11&amp;apos;, os.arch: &amp;apos;amd64&amp;apos;, os.version: &amp;apos;10.0&amp;apos;, java.version: &amp;apos;23.0.1&amp;apos;
Driver info: org.openqa.selenium.chrome.ChromeDriver
Capabilities {acceptInsecureCerts: false, browserName: chrome, browserVersion: 131.0.6778.140, chrome: {chromedriverVersion: 131.0.6778.204 (52183f9e99a..., userDataDir: C:\Users\HP\AppData\Local\T...}, fedcm:accounts: true, goog:chromeOptions: {debuggerAddress: localhost:50538}, networkConnectionEnabled: false, pageLoadStrategy: normal, platformName: windows, proxy: Proxy(), se:cdp: ws://localhost:50538/devtoo..., se:cdpVersion: 131.0.6778.140, setWindowRect: true, strictFileInteractability: false, timeouts: {implicit: 0, pageLoad: 300000, script: 30000}, unhandledPromptBehavior: dismiss and notify, webauthn:extension:credBlob: true, webauthn:extension:largeBlob: true, webauthn:extension:minPinLength: true, webauthn:extension:prf: true, webauthn:virtualAuthenticators: true}
Session ID: 338bc7fc359a7ee4d5075bd63f6eb92e">
      <![CDATA[org.openqa.selenium.TimeoutException: Expected condition failed: waiting for element to be clickable: [[ChromeDriver: chrome on windows (338bc7fc359a7ee4d5075bd63f6eb92e)] -> xpath: //button[@class='col-auto fs-14 font-weight-600 btn-add-task ps-0 pe-0']] (tried for 10 second(s) with 500 milliseconds interval)
Build info: version: '4.14.1', revision: '03f8ede370'
System info: os.name: 'Windows 11', os.arch: 'amd64', os.version: '10.0', java.version: '23.0.1'
Driver info: org.openqa.selenium.chrome.ChromeDriver
Capabilities {acceptInsecureCerts: false, browserName: chrome, browserVersion: 131.0.6778.140, chrome: {chromedriverVersion: 131.0.6778.204 (52183f9e99a..., userDataDir: C:\Users\HP\AppData\Local\T...}, fedcm:accounts: true, goog:chromeOptions: {debuggerAddress: localhost:50538}, networkConnectionEnabled: false, pageLoadStrategy: normal, platformName: windows, proxy: Proxy(), se:cdp: ws://localhost:50538/devtoo..., se:cdpVersion: 131.0.6778.140, setWindowRect: true, strictFileInteractability: false, timeouts: {implicit: 0, pageLoad: 300000, script: 30000}, unhandledPromptBehavior: dismiss and notify, webauthn:extension:credBlob: true, webauthn:extension:largeBlob: true, webauthn:extension:minPinLength: true, webauthn:extension:prf: true, webauthn:virtualAuthenticators: true}
Session ID: 338bc7fc359a7ee4d5075bd63f6eb92e
at org.openqa.selenium.support.ui.WebDriverWait.timeoutException(WebDriverWait.java:84)
at org.openqa.selenium.support.ui.FluentWait.until(FluentWait.java:230)
at locators.pages.TimesheetLocators.clickAddTask(TimesheetLocators.java:155)
at hrmsProject.mavenProject1.TimesheetTest.addTask(TimesheetTest.java:91)
at java.base/java.util.ArrayList.forEach(ArrayList.java:1597)
... Removed 25 stack frames]]>
    </failure>
  </testcase> <!-- addTask -->
  <testcase classname="hrmsProject.mavenProject1.TimesheetTest" name="viewNotesofTheTask" time="3.849"/>
  <testcase classname="hrmsProject.mavenProject1.TimesheetTest" name="EditTheTask" time="4.892"/>
  <testcase classname="hrmsProject.mavenProject1.TimesheetTest" name="DeleteTask" time="3.194"/>
  <testcase classname="hrmsProject.mavenProject1.TimesheetTest" name="GetTimesheetOfUser" time="4.612"/>
  <testcase classname="baseClassHRMS.BaseClass" name="@BeforeTest loadConfig" time="0.0">
    <ignored/>
  </testcase> <!-- @BeforeTest loadConfig -->
  <testcase classname="baseClassHRMS.BaseClass" name="@BeforeTest loadConfig" time="0.0">
    <ignored/>
  </testcase> <!-- @BeforeTest loadConfig -->
</testsuite> <!-- Test -->
